<?xml version="1.0" encoding="UTF-8" ?>
<testsuite tests="9" failures="0" name="quizLogic.QuizC5LogicTest" time="0.263" errors="1" skipped="0">
  <properties>
[...]
</properties>
  <testcase classname="quizLogic.QuizC5LogicTest" name="testGenerateQuiz" time="0.054"/>
  <testcase classname="quizLogic.QuizC5LogicTest" name="testCleanQuizList" time="0.043">
    <error message="Index: 190, Size: 190" type="java.lang.IndexOutOfBoundsException">java.lang.IndexOutOfBoundsException: Index: 190, Size: 190
	at java.util.ArrayList.rangeCheck(ArrayList.java:657)
	at java.util.ArrayList.get(ArrayList.java:433)
	at quizLogic.QuizC5Logic.generateQuiz(QuizC5Logic.java:50)
	at quizLogic.QuizC5LogicTest.testCleanQuizList(QuizC5LogicTest.java:124)
	at sun.reflect.NativeMethodAccessorImpl.invoke0(Native Method)
	at sun.reflect.NativeMethodAccessorImpl.invoke(NativeMethodAccessorImpl.java:62)
	at sun.reflect.DelegatingMethodAccessorImpl.invoke(DelegatingMethodAccessorImpl.java:43)
	at java.lang.reflect.Method.invoke(Method.java:498)
	at org.junit.runners.model.FrameworkMethod$1.runReflectiveCall(FrameworkMethod.java:59)
	at org.junit.internal.runners.model.ReflectiveCallable.run(ReflectiveCallable.java:12)
	at org.junit.runners.model.FrameworkMethod.invokeExplosively(FrameworkMethod.java:56)
	at org.junit.internal.runners.statements.InvokeMethod.evaluate(InvokeMethod.java:17)
	at org.junit.runners.ParentRunner$3.evaluate(ParentRunner.java:306)
	at org.junit.runners.BlockJUnit4ClassRunner$1.evaluate(BlockJUnit4ClassRunner.java:100)
	at org.junit.runners.ParentRunner.runLeaf(ParentRunner.java:366)
	at org.junit.runners.BlockJUnit4ClassRunner.runChild(BlockJUnit4ClassRunner.java:103)
	at org.junit.runners.BlockJUnit4ClassRunner.runChild(BlockJUnit4ClassRunner.java:63)
	at org.junit.runners.ParentRunner$4.run(ParentRunner.java:331)
	at org.junit.runners.ParentRunner$1.schedule(ParentRunner.java:79)
	at org.junit.runners.ParentRunner.runChildren(ParentRunner.java:329)
	at org.junit.runners.ParentRunner.access$100(ParentRunner.java:66)
	at org.junit.runners.ParentRunner$2.evaluate(ParentRunner.java:293)
	at org.junit.runners.ParentRunner$3.evaluate(ParentRunner.java:306)
	at org.junit.runners.ParentRunner.run(ParentRunner.java:413)
	at org.apache.maven.surefire.junit4.JUnit4Provider.execute(JUnit4Provider.java:252)
	at org.apache.maven.surefire.junit4.JUnit4Provider.executeTestSet(JUnit4Provider.java:141)
	at org.apache.maven.surefire.junit4.JUnit4Provider.invoke(JUnit4Provider.java:112)
	at sun.reflect.NativeMethodAccessorImpl.invoke0(Native Method)
	at sun.reflect.NativeMethodAccessorImpl.invoke(NativeMethodAccessorImpl.java:62)
	at sun.reflect.DelegatingMethodAccessorImpl.invoke(DelegatingMethodAccessorImpl.java:43)
	at java.lang.reflect.Method.invoke(Method.java:498)
	at org.apache.maven.surefire.util.ReflectionUtils.invokeMethodWithArray(ReflectionUtils.java:189)
	at org.apache.maven.surefire.booter.ProviderFactory$ProviderProxy.invoke(ProviderFactory.java:165)
	at org.apache.maven.surefire.booter.ProviderFactory.invokeProvider(ProviderFactory.java:85)
	at org.apache.maven.surefire.booter.ForkedBooter.runSuitesInProcess(ForkedBooter.java:115)
	at org.apache.maven.surefire.booter.ForkedBooter.main(ForkedBooter.java:75)
</error>
    <system-out>QuizC11Entity{rule=ASS, question=Gli  Arbitri  hanno  diritto  a  ricevere  consulenza  gratuita  dalla  Commissione  Esperti  Legali  per  questioni  civili  e  penali  attinenti  a  fatti  accaduti nell&apos;ambito della loro prestazione sportiva, answer=VERO, userAnswer=null}
QuizC11Entity{rule=ASS, question=Durante il periodo di sospensione disciplinare l’Associato non è tenuto al versamento delle quote associative, answer=FALSO, userAnswer=null}
QuizC11Entity{rule=ASS, question=Il Collegio dei Revisori sezionali è un organo di controllo dell’attività amministrativa e contabile, answer=VERO, userAnswer=null}
QuizC11Entity{rule=NFOT, question=I rilievi di carattere tecnico ad Associati della CAN A e della CAN B devono essere comunicati per iscritto agli interessati, ovvero tramite il portale informatico AIA, con copia inviata al Presidente dell’AIA, answer=VERO, userAnswer=null}
QuizC11Entity{rule=NFOT, question=Gli OTN provvedono, altresì, all’impiego degli Arbitri con le funzioni di Quarto ufficiale di gara, con le modalità disposte dal Comitato Nazionale, answer=VERO, userAnswer=null}
QuizC11Entity{rule=R3, question=Nel corso della gara un calciatore traccia alcune linee non autorizzate nel rettangolo di gioco. Gli Arbitri dovranno, answer=VERO, userAnswer=null}
QuizC11Entity{rule=R3, question=Un calciatore titolare al momento di concessione del time-out, durante l&apos;effettuazione dello stesso, viene espulso. La sua squadra potrà riprende il gioco con lo stesso numero di titolari presenti in campo al momento dell&apos;inizio del time-out., answer=FALSO, userAnswer=null}
QuizC11Entity{rule=R7, question=Alla  fine  del  primo  tempo  i  due  capitani  si  accordano  per  rinunciare  all’intervallo  anche  se  uno  dei  calciatori insiste sul suo diritto al periodo di riposo. L’Arbitro non acconsentirà alla richiesta, answer=VERO, userAnswer=null}
QuizC11Entity{rule=R13, question=Su  tiro  libero,  se  il  calciatore  non  esegue  la  battuta  entro  4  secondi  dal  fischio  autorizzativo,  l’arbitro  dovrà attribuire un calcio di punizione indiretto alla squadra avversaria., answer=VERO, userAnswer=null}
</system-out>
  </testcase>
  <testcase classname="quizLogic.QuizC5LogicTest" name="testGetPreviousQuestion" time="0.03"/>
  <testcase classname="quizLogic.QuizC5LogicTest" name="testGetCurrentQuestion" time="0.033"/>
  <testcase classname="quizLogic.QuizC5LogicTest" name="testGetNextQuestion" time="0.033"/>
  <testcase classname="quizLogic.QuizC5LogicTest" name="testGetQuizListSize" time="0.018"/>
  <testcase classname="quizLogic.QuizC5LogicTest" name="testAnswerTheQuestion" time="0.02"/>
  <testcase classname="quizLogic.QuizC5LogicTest" name="testGetResult" time="0.026"/>
  <testcase classname="quizLogic.QuizC5LogicTest" name="testReadAllQuizzes" time="0.006"/>
</testsuite>