<?xml version="1.0" encoding="UTF-8" ?>
<testsuite tests="9" failures="0" name="quizLogic.QuizC5LogicTest" time="0.083" errors="1" skipped="0">
  <properties>
[...]
</properties>
  <testcase classname="quizLogic.QuizC5LogicTest" name="testGenerateQuiz" time="0.049"/>
  <testcase classname="quizLogic.QuizC5LogicTest" name="testCleanQuizList" time="0"/>
  <testcase classname="quizLogic.QuizC5LogicTest" name="testGetPreviousQuestion" time="0.014">
    <error message="-1" type="java.lang.ArrayIndexOutOfBoundsException">java.lang.ArrayIndexOutOfBoundsException: -1
	at java.util.ArrayList.elementData(ArrayList.java:422)
	at java.util.ArrayList.get(ArrayList.java:435)
	at quizLogic.QuizC5Logic.getPreviousQuestion(QuizC5Logic.java:72)
	at quizLogic.QuizC5LogicTest.testGetPreviousQuestion(QuizC5LogicTest.java:69)
	at sun.reflect.NativeMethodAccessorImpl.invoke0(Native Method)
	at sun.reflect.NativeMethodAccessorImpl.invoke(NativeMethodAccessorImpl.java:62)
	at sun.reflect.DelegatingMethodAccessorImpl.invoke(DelegatingMethodAccessorImpl.java:43)
	at java.lang.reflect.Method.invoke(Method.java:498)
	at org.junit.runners.model.FrameworkMethod$1.runReflectiveCall(FrameworkMethod.java:59)
	at org.junit.internal.runners.model.ReflectiveCallable.run(ReflectiveCallable.java:12)
	at org.junit.runners.model.FrameworkMethod.invokeExplosively(FrameworkMethod.java:56)
	at org.junit.internal.runners.statements.InvokeMethod.evaluate(InvokeMethod.java:17)
	at org.junit.runners.ParentRunner$3.evaluate(ParentRunner.java:306)
	at org.junit.runners.BlockJUnit4ClassRunner$1.evaluate(BlockJUnit4ClassRunner.java:100)
	at org.junit.runners.ParentRunner.runLeaf(ParentRunner.java:366)
	at org.junit.runners.BlockJUnit4ClassRunner.runChild(BlockJUnit4ClassRunner.java:103)
	at org.junit.runners.BlockJUnit4ClassRunner.runChild(BlockJUnit4ClassRunner.java:63)
	at org.junit.runners.ParentRunner$4.run(ParentRunner.java:331)
	at org.junit.runners.ParentRunner$1.schedule(ParentRunner.java:79)
	at org.junit.runners.ParentRunner.runChildren(ParentRunner.java:329)
	at org.junit.runners.ParentRunner.access$100(ParentRunner.java:66)
	at org.junit.runners.ParentRunner$2.evaluate(ParentRunner.java:293)
	at org.junit.runners.ParentRunner$3.evaluate(ParentRunner.java:306)
	at org.junit.runners.ParentRunner.run(ParentRunner.java:413)
	at org.apache.maven.surefire.junit4.JUnit4Provider.execute(JUnit4Provider.java:252)
	at org.apache.maven.surefire.junit4.JUnit4Provider.executeTestSet(JUnit4Provider.java:141)
	at org.apache.maven.surefire.junit4.JUnit4Provider.invoke(JUnit4Provider.java:112)
	at sun.reflect.NativeMethodAccessorImpl.invoke0(Native Method)
	at sun.reflect.NativeMethodAccessorImpl.invoke(NativeMethodAccessorImpl.java:62)
	at sun.reflect.DelegatingMethodAccessorImpl.invoke(DelegatingMethodAccessorImpl.java:43)
	at java.lang.reflect.Method.invoke(Method.java:498)
	at org.apache.maven.surefire.util.ReflectionUtils.invokeMethodWithArray(ReflectionUtils.java:189)
	at org.apache.maven.surefire.booter.ProviderFactory$ProviderProxy.invoke(ProviderFactory.java:165)
	at org.apache.maven.surefire.booter.ProviderFactory.invokeProvider(ProviderFactory.java:85)
	at org.apache.maven.surefire.booter.ForkedBooter.runSuitesInProcess(ForkedBooter.java:115)
	at org.apache.maven.surefire.booter.ForkedBooter.main(ForkedBooter.java:75)
</error>
    <system-out>QuizC11Entity{rule=ASS, question=Il Comitato Nazionale è composto dal Presidente dell’AIA, dal Vice Presidente, dai tre Componenti effettivi della lista collegata e dai tre Componenti effettivi eletti singolarmente per ciascuna macroregione, answer=VERO, userAnswer=null}
QuizC11Entity{rule=ASS, question=Agli Arbitri è fatto divieto di dirigere gare che non rientrano nell’attività calcistica organizzata o autorizzata dalla FIGC, answer=VERO, userAnswer=null}
QuizC11Entity{rule=ASS, question=Il numero dei Consiglieri dei CDS varia a seconda della forza sezionale ed è stabilito dal Comitato Nazionale all&apos;inizio di ogni stagione sportiva, answer=FALSO, userAnswer=null}
QuizC11Entity{rule=NFOT, question=Il Comitato Nazionale, d’intesa con il Settore Tecnico, può predisporre modalità attuative per la trasmissione integrale delle relazioni degli Osservatori arbitrali ad AE e AA, answer=VERO, userAnswer=null}
QuizC11Entity{rule=NFOT, question=Possono  richiedere  di  svolgere  l’attività  di  OA  alla  CAI  coloro  i  quali  abbiano  svolto  qualificata  attività  per  almeno  tre  stagioni  sportive  quali Componenti dell’OTR, answer=FALSO, userAnswer=null}
QuizC11Entity{rule=R3, question=Un calciatore di riserva entra nel rettangolo di gioco in sovrannumero e tenta di impedire la segnatura di una rete, non riuscendoci. Dovrà essere espulso e il gioco ripreso con un calcio di punizione indiretto nel punto in cui si trovava il pallone quando è stato toccato da detto calciatore., answer=FALSO, userAnswer=null}
QuizC11Entity{rule=R5, question=Dopo il quinto fallo il vantaggio non può essere mai concesso, answer=FALSO, userAnswer=null}
QuizC11Entity{rule=R5, question=Il portiere, su rimessa laterale, riceve il pallone da un compagno nella metà campo avversaria, lo gioca e lo porta nella propria metà del rettangolo di gioco. L&apos;Arbitro dovrà considerare l&apos;azione regolare e iniziare in maniera visiva il conteggio dei quattro secondi., answer=VERO, userAnswer=null}
QuizC11Entity{rule=R12, question=Il difensore trattiene ai limiti della sua area di rigore un avversario che ha davanti a sé solo il portiere a guardia della porta, interrompendone l’azione di attacco: l’arbitro dovrà espellerlo per condotta gravemente sleale., answer=FALSO, userAnswer=null}
QuizC11Entity{rule=R15, question=La rimessa laterale deve essere eseguita con i piedi., answer=VERO, userAnswer=null}
</system-out>
  </testcase>
  <testcase classname="quizLogic.QuizC5LogicTest" name="testGetCurrentQuestion" time="0.011"/>
  <testcase classname="quizLogic.QuizC5LogicTest" name="testGetNextQuestion" time="0"/>
  <testcase classname="quizLogic.QuizC5LogicTest" name="testGetQuizListSize" time="0"/>
  <testcase classname="quizLogic.QuizC5LogicTest" name="testAnswerTheQuestion" time="0"/>
  <testcase classname="quizLogic.QuizC5LogicTest" name="testGetResult" time="0.001"/>
  <testcase classname="quizLogic.QuizC5LogicTest" name="testReadAllQuizzes" time="0.008"/>
</testsuite>